<?xml version="1.0" encoding="UTF-8"?>
<!-- Generated by org.testng.reporters.JUnitXMLReporter -->
<testsuite ignored="0" hostname="Shiveena" failures="1" tests="3" name="Error Validation Test" time="18.092" errors="0" timestamp="2024-12-05T14:07:13 GMT">
  <testcase classname="rahulshettyacademy2.tests.ErrorValidationTest" name="loginErrorValidation" time="0.782">
    <skipped/>
  </testcase> <!-- loginErrorValidation -->
  <testcase classname="rahulshettyacademy2.tests.ErrorValidationTest" name="loginErrorValidation" time="0.618">
    <failure type="java.lang.AssertionError" message="expected [Login Successfully] but found [Incorrect email  password.]">
      <![CDATA[java.lang.AssertionError: expected [Login Successfully] but found [Incorrect email  password.]
at rahulshettyacademy2.tests.ErrorValidationTest.loginErrorValidation(ErrorValidationTest.java:24)
at java.base/java.util.ArrayList.forEach(ArrayList.java:1596)
at java.base/java.util.concurrent.FutureTask.run(FutureTask.java:317)
at java.base/java.util.concurrent.ThreadPoolExecutor.runWorker(ThreadPoolExecutor.java:1144)
at java.base/java.util.concurrent.ThreadPoolExecutor$Worker.run(ThreadPoolExecutor.java:642)
at java.base/java.lang.Thread.run(Thread.java:1583)
... Removed 21 stack frames]]>
    </failure>
  </testcase> <!-- loginErrorValidation -->
  <testcase classname="rahulshettyacademy2.tests.ErrorValidationTest" name="productErrorValidation" time="2.945"/>
</testsuite> <!-- Error Validation Test -->
