<?xml version="1.0" encoding="UTF-8"?>
<testng-results retried="1" ignored="1" total="7" passed="4" failed="1" skipped="0">
  <reporter-output>
  </reporter-output>
  <suite started-at="2024-12-05T14:06:54 GMT" name="Suite" finished-at="2024-12-05T14:07:17 GMT" duration-ms="22444">
    <groups>
      <group name="ErrorValidation">
        <method signature="ErrorValidationTest.loginErrorValidation()[pri:0, instance:rahulshettyacademy2.tests.ErrorValidationTest@7dfb0c0f]" name="loginErrorValidation" class="rahulshettyacademy2.tests.ErrorValidationTest"/>
      </group> <!-- ErrorValidation -->
      <group name="purchase">
        <method signature="SubmitOrderTest.submitOrder(java.util.HashMap)[pri:0, instance:rahulshettyacademy2.tests.SubmitOrderTest@61c4eee0]" name="submitOrder" class="rahulshettyacademy2.tests.SubmitOrderTest"/>
      </group> <!-- purchase -->
    </groups>
    <test started-at="2024-12-05T14:06:54 GMT" name="Error Validation Test" finished-at="2024-12-05T14:07:12 GMT" duration-ms="18092">
      <class name="rahulshettyacademy2.tests.ErrorValidationTest">
        <test-method is-config="true" signature="launchApplication()[pri:0, instance:rahulshettyacademy2.tests.ErrorValidationTest@7dfb0c0f]" started-at="2024-12-05T14:06:54 GMT" name="launchApplication" finished-at="2024-12-05T14:06:59 GMT" duration-ms="4558" status="PASS">
          <reporter-output>
          </reporter-output>
        </test-method> <!-- launchApplication -->
        <test-method retried="true" signature="loginErrorValidation()[pri:0, instance:rahulshettyacademy2.tests.ErrorValidationTest@7dfb0c0f]" started-at="2024-12-05T14:06:59 GMT" name="loginErrorValidation" finished-at="2024-12-05T14:07:00 GMT" duration-ms="782" status="SKIP">
          <exception class="java.lang.AssertionError">
            <message>
              <![CDATA[expected [Login Successfully] but found [Incorrect email  password.]]]>
            </message>
            <full-stacktrace>
              <![CDATA[java.lang.AssertionError: expected [Login Successfully] but found [Incorrect email  password.]
at org.testng.Assert.fail(Assert.java:111)
at org.testng.Assert.failNotEquals(Assert.java:1578)
at org.testng.Assert.assertEqualsImpl(Assert.java:150)
at org.testng.Assert.assertEquals(Assert.java:132)
at org.testng.Assert.assertEquals(Assert.java:656)
at org.testng.Assert.assertEquals(Assert.java:666)
at rahulshettyacademy2.tests.ErrorValidationTest.loginErrorValidation(ErrorValidationTest.java:24)
at java.base/jdk.internal.reflect.DirectMethodHandleAccessor.invoke(DirectMethodHandleAccessor.java:103)
at java.base/java.lang.reflect.Method.invoke(Method.java:580)
at org.testng.internal.invokers.MethodInvocationHelper.invokeMethod(MethodInvocationHelper.java:141)
at org.testng.internal.invokers.TestInvoker.invokeMethod(TestInvoker.java:686)
at org.testng.internal.invokers.TestInvoker.invokeTestMethod(TestInvoker.java:230)
at org.testng.internal.invokers.MethodRunner.runInSequence(MethodRunner.java:63)
at org.testng.internal.invokers.TestInvoker$MethodInvocationAgent.invoke(TestInvoker.java:992)
at org.testng.internal.invokers.TestInvoker.invokeTestMethods(TestInvoker.java:203)
at org.testng.internal.invokers.TestMethodWorker.invokeTestMethods(TestMethodWorker.java:154)
at org.testng.internal.invokers.TestMethodWorker.run(TestMethodWorker.java:134)
at java.base/java.util.ArrayList.forEach(ArrayList.java:1596)
at org.testng.TestRunner.privateRun(TestRunner.java:739)
at org.testng.TestRunner.run(TestRunner.java:614)
at org.testng.SuiteRunner.runTest(SuiteRunner.java:421)
at org.testng.SuiteRunner$SuiteWorker.run(SuiteRunner.java:463)
at org.testng.internal.thread.ThreadUtil.lambda$execute$0(ThreadUtil.java:64)
at java.base/java.util.concurrent.FutureTask.run(FutureTask.java:317)
at java.base/java.util.concurrent.ThreadPoolExecutor.runWorker(ThreadPoolExecutor.java:1144)
at java.base/java.util.concurrent.ThreadPoolExecutor$Worker.run(ThreadPoolExecutor.java:642)
at java.base/java.lang.Thread.run(Thread.java:1583)
]]>
            </full-stacktrace>
          </exception> <!-- java.lang.AssertionError -->
          <reporter-output>
          </reporter-output>
        </test-method> <!-- loginErrorValidation -->
        <test-method is-config="true" signature="tearDown()[pri:0, instance:rahulshettyacademy2.tests.ErrorValidationTest@7dfb0c0f]" started-at="2024-12-05T14:07:00 GMT" name="tearDown" finished-at="2024-12-05T14:07:00 GMT" duration-ms="133" status="PASS">
          <reporter-output>
          </reporter-output>
        </test-method> <!-- tearDown -->
        <test-method is-config="true" signature="launchApplication()[pri:0, instance:rahulshettyacademy2.tests.ErrorValidationTest@7dfb0c0f]" started-at="2024-12-05T14:07:00 GMT" name="launchApplication" finished-at="2024-12-05T14:07:04 GMT" duration-ms="4417" status="PASS">
          <reporter-output>
          </reporter-output>
        </test-method> <!-- launchApplication -->
        <test-method signature="loginErrorValidation()[pri:0, instance:rahulshettyacademy2.tests.ErrorValidationTest@7dfb0c0f]" started-at="2024-12-05T14:07:04 GMT" name="loginErrorValidation" finished-at="2024-12-05T14:07:05 GMT" duration-ms="618" status="FAIL">
          <exception class="java.lang.AssertionError">
            <message>
              <![CDATA[expected [Login Successfully] but found [Incorrect email  password.]]]>
            </message>
            <full-stacktrace>
              <![CDATA[java.lang.AssertionError: expected [Login Successfully] but found [Incorrect email  password.]
at org.testng.Assert.fail(Assert.java:111)
at org.testng.Assert.failNotEquals(Assert.java:1578)
at org.testng.Assert.assertEqualsImpl(Assert.java:150)
at org.testng.Assert.assertEquals(Assert.java:132)
at org.testng.Assert.assertEquals(Assert.java:656)
at org.testng.Assert.assertEquals(Assert.java:666)
at rahulshettyacademy2.tests.ErrorValidationTest.loginErrorValidation(ErrorValidationTest.java:24)
at java.base/jdk.internal.reflect.DirectMethodHandleAccessor.invoke(DirectMethodHandleAccessor.java:103)
at java.base/java.lang.reflect.Method.invoke(Method.java:580)
at org.testng.internal.invokers.MethodInvocationHelper.invokeMethod(MethodInvocationHelper.java:141)
at org.testng.internal.invokers.TestInvoker.invokeMethod(TestInvoker.java:686)
at org.testng.internal.invokers.TestInvoker.retryFailed(TestInvoker.java:269)
at org.testng.internal.invokers.MethodRunner.runInSequence(MethodRunner.java:76)
at org.testng.internal.invokers.TestInvoker$MethodInvocationAgent.invoke(TestInvoker.java:992)
at org.testng.internal.invokers.TestInvoker.invokeTestMethods(TestInvoker.java:203)
at org.testng.internal.invokers.TestMethodWorker.invokeTestMethods(TestMethodWorker.java:154)
at org.testng.internal.invokers.TestMethodWorker.run(TestMethodWorker.java:134)
at java.base/java.util.ArrayList.forEach(ArrayList.java:1596)
at org.testng.TestRunner.privateRun(TestRunner.java:739)
at org.testng.TestRunner.run(TestRunner.java:614)
at org.testng.SuiteRunner.runTest(SuiteRunner.java:421)
at org.testng.SuiteRunner$SuiteWorker.run(SuiteRunner.java:463)
at org.testng.internal.thread.ThreadUtil.lambda$execute$0(ThreadUtil.java:64)
at java.base/java.util.concurrent.FutureTask.run(FutureTask.java:317)
at java.base/java.util.concurrent.ThreadPoolExecutor.runWorker(ThreadPoolExecutor.java:1144)
at java.base/java.util.concurrent.ThreadPoolExecutor$Worker.run(ThreadPoolExecutor.java:642)
at java.base/java.lang.Thread.run(Thread.java:1583)
]]>
            </full-stacktrace>
          </exception> <!-- java.lang.AssertionError -->
          <reporter-output>
          </reporter-output>
        </test-method> <!-- loginErrorValidation -->
        <test-method is-config="true" signature="tearDown()[pri:0, instance:rahulshettyacademy2.tests.ErrorValidationTest@7dfb0c0f]" started-at="2024-12-05T14:07:05 GMT" name="tearDown" finished-at="2024-12-05T14:07:05 GMT" duration-ms="112" status="PASS">
          <reporter-output>
          </reporter-output>
        </test-method> <!-- tearDown -->
        <test-method is-config="true" signature="launchApplication()[pri:0, instance:rahulshettyacademy2.tests.ErrorValidationTest@7dfb0c0f]" started-at="2024-12-05T14:07:05 GMT" name="launchApplication" finished-at="2024-12-05T14:07:09 GMT" duration-ms="4095" status="PASS">
          <reporter-output>
          </reporter-output>
        </test-method> <!-- launchApplication -->
        <test-method signature="productErrorValidation()[pri:0, instance:rahulshettyacademy2.tests.ErrorValidationTest@7dfb0c0f]" started-at="2024-12-05T14:07:09 GMT" name="productErrorValidation" finished-at="2024-12-05T14:07:12 GMT" duration-ms="2945" status="PASS">
          <reporter-output>
          </reporter-output>
        </test-method> <!-- productErrorValidation -->
        <test-method is-config="true" signature="tearDown()[pri:0, instance:rahulshettyacademy2.tests.ErrorValidationTest@7dfb0c0f]" started-at="2024-12-05T14:07:12 GMT" name="tearDown" finished-at="2024-12-05T14:07:12 GMT" duration-ms="139" status="PASS">
          <reporter-output>
          </reporter-output>
        </test-method> <!-- tearDown -->
      </class> <!-- rahulshettyacademy2.tests.ErrorValidationTest -->
    </test> <!-- Error Validation Test -->
    <test started-at="2024-12-05T14:06:54 GMT" name="Submit Order Test" finished-at="2024-12-05T14:07:17 GMT" duration-ms="22444">
      <class name="rahulshettyacademy2.tests.SubmitOrderTest">
        <test-method is-config="true" signature="launchApplication()[pri:0, instance:rahulshettyacademy2.tests.SubmitOrderTest@61c4eee0]" started-at="2024-12-05T14:06:54 GMT" name="launchApplication" finished-at="2024-12-05T14:06:59 GMT" duration-ms="4480" status="PASS">
          <reporter-output>
          </reporter-output>
        </test-method> <!-- launchApplication -->
        <test-method signature="submitOrder(java.util.HashMap)[pri:0, instance:rahulshettyacademy2.tests.SubmitOrderTest@61c4eee0]" started-at="2024-12-05T14:06:59 GMT" name="submitOrder" data-provider="getData" finished-at="2024-12-05T14:07:03 GMT" duration-ms="3845" status="PASS">
          <params>
            <param index="0">
              <value>
                <![CDATA[{password=Learn@999, email=learnseleniumv@gmail.com, productName=ADIDAS ORIGINAL}]]>
              </value>
            </param>
          </params>
          <reporter-output>
          </reporter-output>
        </test-method> <!-- submitOrder -->
        <test-method is-config="true" signature="tearDown()[pri:0, instance:rahulshettyacademy2.tests.SubmitOrderTest@61c4eee0]" started-at="2024-12-05T14:07:03 GMT" name="tearDown" finished-at="2024-12-05T14:07:03 GMT" duration-ms="181" status="PASS">
          <reporter-output>
          </reporter-output>
        </test-method> <!-- tearDown -->
        <test-method is-config="true" signature="launchApplication()[pri:0, instance:rahulshettyacademy2.tests.SubmitOrderTest@61c4eee0]" started-at="2024-12-05T14:07:03 GMT" name="launchApplication" finished-at="2024-12-05T14:07:07 GMT" duration-ms="4160" status="PASS">
          <reporter-output>
          </reporter-output>
        </test-method> <!-- launchApplication -->
        <test-method signature="submitOrder(java.util.HashMap)[pri:0, instance:rahulshettyacademy2.tests.SubmitOrderTest@61c4eee0]" started-at="2024-12-05T14:07:07 GMT" name="submitOrder" data-provider="getData" finished-at="2024-12-05T14:07:11 GMT" duration-ms="3974" status="PASS">
          <params>
            <param index="0">
              <value>
                <![CDATA[{password=Iamking@000, email=shetty@gmail.com, productName=ADIDAS ORIGINAL}]]>
              </value>
            </param>
          </params>
          <reporter-output>
          </reporter-output>
        </test-method> <!-- submitOrder -->
        <test-method is-config="true" signature="tearDown()[pri:0, instance:rahulshettyacademy2.tests.SubmitOrderTest@61c4eee0]" started-at="2024-12-05T14:07:11 GMT" name="tearDown" finished-at="2024-12-05T14:07:11 GMT" duration-ms="166" status="PASS">
          <reporter-output>
          </reporter-output>
        </test-method> <!-- tearDown -->
        <test-method is-config="true" signature="launchApplication()[pri:0, instance:rahulshettyacademy2.tests.SubmitOrderTest@61c4eee0]" started-at="2024-12-05T14:07:11 GMT" name="launchApplication" finished-at="2024-12-05T14:07:16 GMT" duration-ms="4245" status="PASS">
          <reporter-output>
          </reporter-output>
        </test-method> <!-- launchApplication -->
        <test-method signature="orderHistoryTest()[pri:0, instance:rahulshettyacademy2.tests.SubmitOrderTest@61c4eee0]" started-at="2024-12-05T14:07:16 GMT" name="orderHistoryTest" finished-at="2024-12-05T14:07:17 GMT" depends-on-methods="rahulshettyacademy2.tests.SubmitOrderTest.submitOrder" duration-ms="1035" status="PASS">
          <reporter-output>
          </reporter-output>
        </test-method> <!-- orderHistoryTest -->
        <test-method is-config="true" signature="tearDown()[pri:0, instance:rahulshettyacademy2.tests.SubmitOrderTest@61c4eee0]" started-at="2024-12-05T14:07:17 GMT" name="tearDown" finished-at="2024-12-05T14:07:17 GMT" duration-ms="154" status="PASS">
          <reporter-output>
          </reporter-output>
        </test-method> <!-- tearDown -->
      </class> <!-- rahulshettyacademy2.tests.SubmitOrderTest -->
    </test> <!-- Submit Order Test -->
  </suite> <!-- Suite -->
</testng-results>
